
**** Build of configuration Debug for project Lab6OpenLoopFR6989 ****

"C:\\ti\\ccsv7\\utils\\bin\\gmake" -k -j 4 all -O 
'Building file: ../main.c'
'Invoking: MSP430 Compiler'
"C:/ti/ccsv7/tools/compiler/ti-cgt-msp430_16.9.4.LTS/bin/cl430" -vmspx --data_model=restricted --use_hw_mpy=F5 --include_path="C:/ti/ccsv7/ccs_base/msp430/include" --include_path="C:/Users/baseb_000/Desktop/Embeded Labs/lab-6taking-control-over-your-embedded-life-waduhek/Open Loop Systems/Lab6OpenLoopFR6989" --include_path="C:/ti/ccsv7/tools/compiler/ti-cgt-msp430_16.9.4.LTS/include" --advice:power=all --advice:hw_config=all --define=__MSP430FR6989__ --define=_MPU_ENABLE -g --printf_support=minimal --diag_warning=225 --diag_wrap=off --display_error_number --silicon_errata=CPU21 --silicon_errata=CPU22 --silicon_errata=CPU40 --preproc_with_compile --preproc_dependency="main.d_raw"  "../main.c"
"../main.c", line 154: remark #1530-D: (ULP 5.1) Detected divide operation(s). Recommend moving them to RAM during run time or not using as these are processing/power intensive
"../main.c", line 165: remark #1527-D: (ULP 2.1) Detected SW delay loop using __delay_cycles. Recommend using a timer module instead
"../main.c", line 192: warning #179-D: variable "c" was declared but never referenced
"../main.c", line 195: warning #179-D: variable "t1" was declared but never referenced
"../main.c", line 201: warning #552-D: variable "t" was set but never used
"../main.c", line 180: warning #548-D: transfer of control bypasses initialization of:
            variable "trsmt" (declared at line 194)
            variable "t1" (declared at line 195)
            variable "tmp" (declared at line 200)
"../main.c", line 202: remark #1544-D: (ULP 13.1) Detected loop counting up. Recommend loops count down as detecting zeros is easier
"../main.c", line 203: remark #1544-D: (ULP 13.1) Detected loop counting up. Recommend loops count down as detecting zeros is easier
"../main.c", line 204: remark #1538-D: (ULP 10.1) ISR ADC12_ISR calls function pow. Recommend moving function call away from ISR, or inlining the function, or using pragmas
"../main.c", line 207: remark #1538-D: (ULP 10.1) ISR ADC12_ISR calls function showChar. Recommend moving function call away from ISR, or inlining the function, or using pragmas
"../main.c", line 210: remark #1538-D: (ULP 10.1) ISR ADC12_ISR calls function showChar. Recommend moving function call away from ISR, or inlining the function, or using pragmas
"../main.c", line 213: remark #1538-D: (ULP 10.1) ISR ADC12_ISR calls function showChar. Recommend moving function call away from ISR, or inlining the function, or using pragmas
"../main.c", line 216: remark #1538-D: (ULP 10.1) ISR ADC12_ISR calls function showChar. Recommend moving function call away from ISR, or inlining the function, or using pragmas
"../main.c", line 219: remark #1538-D: (ULP 10.1) ISR ADC12_ISR calls function showChar. Recommend moving function call away from ISR, or inlining the function, or using pragmas
"../main.c", line 222: remark #1538-D: (ULP 10.1) ISR ADC12_ISR calls function showChar. Recommend moving function call away from ISR, or inlining the function, or using pragmas
"../main.c", line 225: remark #1538-D: (ULP 10.1) ISR ADC12_ISR calls function showChar. Recommend moving function call away from ISR, or inlining the function, or using pragmas
"../main.c", line 228: remark #1538-D: (ULP 10.1) ISR ADC12_ISR calls function showChar. Recommend moving function call away from ISR, or inlining the function, or using pragmas
"../main.c", line 231: remark #1538-D: (ULP 10.1) ISR ADC12_ISR calls function showChar. Recommend moving function call away from ISR, or inlining the function, or using pragmas
"../main.c", line 234: remark #1538-D: (ULP 10.1) ISR ADC12_ISR calls function showChar. Recommend moving function call away from ISR, or inlining the function, or using pragmas
"../main.c", line 202: remark #1544-D: (ULP 13.1) Detected loop counting up. Recommend loops count down as detecting zeros is easier
"../main.c", line 203: remark #1544-D: (ULP 13.1) Detected loop counting up. Recommend loops count down as detecting zeros is easier
"../main.c", line 204: remark #1538-D: (ULP 10.1) ISR ADC12_ISR calls function pow. Recommend moving function call away from ISR, or inlining the function, or using pragmas
"../main.c", line 207: remark #1538-D: (ULP 10.1) ISR ADC12_ISR calls function showChar. Recommend moving function call away from ISR, or inlining the function, or using pragmas
"../main.c", line 210: remark #1538-D: (ULP 10.1) ISR ADC12_ISR calls function showChar. Recommend moving function call away from ISR, or inlining the function, or using pragmas
"../main.c", line 213: remark #1538-D: (ULP 10.1) ISR ADC12_ISR calls function showChar. Recommend moving function call away from ISR, or inlining the function, or using pragmas
"../main.c", line 216: remark #1538-D: (ULP 10.1) ISR ADC12_ISR calls function showChar. Recommend moving function call away from ISR, or inlining the function, or using pragmas
"../main.c", line 219: remark #1538-D: (ULP 10.1) ISR ADC12_ISR calls function showChar. Recommend moving function call away from ISR, or inlining the function, or using pragmas
"../main.c", line 222: remark #1538-D: (ULP 10.1) ISR ADC12_ISR calls function showChar. Recommend moving function call away from ISR, or inlining the function, or using pragmas
"../main.c", line 225: remark #1538-D: (ULP 10.1) ISR ADC12_ISR calls function showChar. Recommend moving function call away from ISR, or inlining the function, or using pragmas
"../main.c", line 228: remark #1538-D: (ULP 10.1) ISR ADC12_ISR calls function showChar. Recommend moving function call away from ISR, or inlining the function, or using pragmas
"../main.c", line 231: remark #1538-D: (ULP 10.1) ISR ADC12_ISR calls function showChar. Recommend moving function call away from ISR, or inlining the function, or using pragmas
"../main.c", line 234: remark #1538-D: (ULP 10.1) ISR ADC12_ISR calls function showChar. Recommend moving function call away from ISR, or inlining the function, or using pragmas
"../main.c", line 200: remark #1535-D: (ULP 8.1) variable "tmp" is used as a constant. Recommend declaring variable as either 'static const' or 'const'
"../main.c", line 290: remark #1528-D: (ULP 3.1) Detected flag polling using UCA0IFG. Recommend using an interrupt combined with enter LPMx and ISR
"../main.c", line 286: warning #548-D: transfer of control bypasses initialization of:
            variable "i" (declared at line 291)
"../main.c", line 293: remark #1538-D: (ULP 10.1) ISR USCI_A0_ISR calls function tempToPWM. Recommend moving function call away from ISR, or inlining the function, or using pragmas
"../main.c", line 293: remark #1538-D: (ULP 10.1) ISR USCI_A0_ISR calls function tempToPWM. Recommend moving function call away from ISR, or inlining the function, or using pragmas
"../main.c", line 309: warning #179-D: variable "c" was declared but never referenced
"C:/ti/ccsv7/tools/compiler/ti-cgt-msp430_16.9.4.LTS/include/_defs.h", line 203 (col. 27): remark #1531-D: (ULP 5.2) Detected floating point operation(s). Recommend moving them to RAM during run time or not using as these are processing/power intensive
"C:/ti/ccsv7/tools/compiler/ti-cgt-msp430_16.9.4.LTS/include/_defs.h", line 204 (col. 10): remark #1531-D: (ULP 5.2) Detected floating point operation(s). Recommend moving them to RAM during run time or not using as these are processing/power intensive
"C:/ti/ccsv7/tools/compiler/ti-cgt-msp430_16.9.4.LTS/include/_defs.h", line 205 (col. 27): remark #1531-D: (ULP 5.2) Detected floating point operation(s). Recommend moving them to RAM during run time or not using as these are processing/power intensive
"C:/ti/ccsv7/tools/compiler/ti-cgt-msp430_16.9.4.LTS/include/_defs.h", line 206 (col. 10): remark #1531-D: (ULP 5.2) Detected floating point operation(s). Recommend moving them to RAM during run time or not using as these are processing/power intensive
"C:/ti/ccsv7/tools/compiler/ti-cgt-msp430_16.9.4.LTS/include/_defs.h", line 207 (col. 27): remark #1531-D: (ULP 5.2) Detected floating point operation(s). Recommend moving them to RAM during run time or not using as these are processing/power intensive
"C:/ti/ccsv7/tools/compiler/ti-cgt-msp430_16.9.4.LTS/include/_defs.h", line 208 (col. 10): remark #1531-D: (ULP 5.2) Detected floating point operation(s). Recommend moving them to RAM during run time or not using as these are processing/power intensive
"C:/ti/ccsv7/tools/compiler/ti-cgt-msp430_16.9.4.LTS/include/_defs.h", line 210 (col. 27): remark #1531-D: (ULP 5.2) Detected floating point operation(s). Recommend moving them to RAM during run time or not using as these are processing/power intensive
"C:/ti/ccsv7/tools/compiler/ti-cgt-msp430_16.9.4.LTS/include/_defs.h", line 211 (col. 10): remark #1531-D: (ULP 5.2) Detected floating point operation(s). Recommend moving them to RAM during run time or not using as these are processing/power intensive
"C:/ti/ccsv7/tools/compiler/ti-cgt-msp430_16.9.4.LTS/include/_defs.h", line 212 (col. 10): remark #1531-D: (ULP 5.2) Detected floating point operation(s). Recommend moving them to RAM during run time or not using as these are processing/power intensive
"C:/ti/ccsv7/tools/compiler/ti-cgt-msp430_16.9.4.LTS/include/_defs.h", line 213 (col. 27): remark #1531-D: (ULP 5.2) Detected floating point operation(s). Recommend moving them to RAM during run time or not using as these are processing/power intensive
"C:/ti/ccsv7/tools/compiler/ti-cgt-msp430_16.9.4.LTS/include/_defs.h", line 214 (col. 10): remark #1531-D: (ULP 5.2) Detected floating point operation(s). Recommend moving them to RAM during run time or not using as these are processing/power intensive
"C:/ti/ccsv7/tools/compiler/ti-cgt-msp430_16.9.4.LTS/include/_defs.h", line 215 (col. 10): remark #1531-D: (ULP 5.2) Detected floating point operation(s). Recommend moving them to RAM during run time or not using as these are processing/power intensive
"C:/ti/ccsv7/tools/compiler/ti-cgt-msp430_16.9.4.LTS/include/_defs.h", line 216 (col. 27): remark #1531-D: (ULP 5.2) Detected floating point operation(s). Recommend moving them to RAM during run time or not using as these are processing/power intensive
"C:/ti/ccsv7/tools/compiler/ti-cgt-msp430_16.9.4.LTS/include/_defs.h", line 217 (col. 10): remark #1531-D: (ULP 5.2) Detected floating point operation(s). Recommend moving them to RAM during run time or not using as these are processing/power intensive
"C:/ti/ccsv7/tools/compiler/ti-cgt-msp430_16.9.4.LTS/include/_defs.h", line 218 (col. 10): remark #1531-D: (ULP 5.2) Detected floating point operation(s). Recommend moving them to RAM during run time or not using as these are processing/power intensive
"C:/ti/ccsv7/tools/compiler/ti-cgt-msp430_16.9.4.LTS/include/_defs.h", line 220 (col. 27): remark #1531-D: (ULP 5.2) Detected floating point operation(s). Recommend moving them to RAM during run time or not using as these are processing/power intensive
"C:/ti/ccsv7/tools/compiler/ti-cgt-msp430_16.9.4.LTS/include/_defs.h", line 221 (col. 11): remark #1531-D: (ULP 5.2) Detected floating point operation(s). Recommend moving them to RAM during run time or not using as these are processing/power intensive
"C:/ti/ccsv7/tools/compiler/ti-cgt-msp430_16.9.4.LTS/include/_defs.h", line 222 (col. 11): remark #1531-D: (ULP 5.2) Detected floating point operation(s). Recommend moving them to RAM during run time or not using as these are processing/power intensive
"C:/ti/ccsv7/tools/compiler/ti-cgt-msp430_16.9.4.LTS/include/_defs.h", line 224 (col. 27): remark #1531-D: (ULP 5.2) Detected floating point operation(s). Recommend moving them to RAM during run time or not using as these are processing/power intensive
"C:/ti/ccsv7/tools/compiler/ti-cgt-msp430_16.9.4.LTS/include/_defs.h", line 225 (col. 11): remark #1531-D: (ULP 5.2) Detected floating point operation(s). Recommend moving them to RAM during run time or not using as these are processing/power intensive
"C:/ti/ccsv7/tools/compiler/ti-cgt-msp430_16.9.4.LTS/include/_defs.h", line 226 (col. 11): remark #1531-D: (ULP 5.2) Detected floating point operation(s). Recommend moving them to RAM during run time or not using as these are processing/power intensive
"C:/ti/ccsv7/tools/compiler/ti-cgt-msp430_16.9.4.LTS/include/_defs.h", line 228 (col. 27): remark #1531-D: (ULP 5.2) Detected floating point operation(s). Recommend moving them to RAM during run time or not using as these are processing/power intensive
"C:/ti/ccsv7/tools/compiler/ti-cgt-msp430_16.9.4.LTS/include/_defs.h", line 229 (col. 11): remark #1531-D: (ULP 5.2) Detected floating point operation(s). Recommend moving them to RAM during run time or not using as these are processing/power intensive
"C:/ti/ccsv7/tools/compiler/ti-cgt-msp430_16.9.4.LTS/include/_defs.h", line 230 (col. 11): remark #1531-D: (ULP 5.2) Detected floating point operation(s). Recommend moving them to RAM during run time or not using as these are processing/power intensive
"C:/ti/ccsv7/tools/compiler/ti-cgt-msp430_16.9.4.LTS/include/_defs.h", line 232 (col. 27): remark #1531-D: (ULP 5.2) Detected floating point operation(s). Recommend moving them to RAM during run time or not using as these are processing/power intensive
"C:/ti/ccsv7/tools/compiler/ti-cgt-msp430_16.9.4.LTS/include/_defs.h", line 233 (col. 10): remark #1531-D: (ULP 5.2) Detected floating point operation(s). Recommend moving them to RAM during run time or not using as these are processing/power intensive
"C:/ti/ccsv7/tools/compiler/ti-cgt-msp430_16.9.4.LTS/include/_defs.h", line 234 (col. 27): remark #1531-D: (ULP 5.2) Detected floating point operation(s). Recommend moving them to RAM during run time or not using as these are processing/power intensive
"C:/ti/ccsv7/tools/compiler/ti-cgt-msp430_16.9.4.LTS/include/_defs.h", line 235 (col. 10): remark #1531-D: (ULP 5.2) Detected floating point operation(s). Recommend moving them to RAM during run time or not using as these are processing/power intensive
"C:/ti/ccsv7/tools/compiler/ti-cgt-msp430_16.9.4.LTS/include/_defs.h", line 236 (col. 27): remark #1531-D: (ULP 5.2) Detected floating point operation(s). Recommend moving them to RAM during run time or not using as these are processing/power intensive
"C:/ti/ccsv7/tools/compiler/ti-cgt-msp430_16.9.4.LTS/include/_defs.h", line 237 (col. 10): remark #1531-D: (ULP 5.2) Detected floating point operation(s). Recommend moving them to RAM during run time or not using as these are processing/power intensive
"C:/ti/ccsv7/tools/compiler/ti-cgt-msp430_16.9.4.LTS/include/_defs.h", line 243 (col. 27): remark #1531-D: (ULP 5.2) Detected floating point operation(s). Recommend moving them to RAM during run time or not using as these are processing/power intensive
"C:/ti/ccsv7/tools/compiler/ti-cgt-msp430_16.9.4.LTS/include/_defs.h", line 244 (col. 10): remark #1531-D: (ULP 5.2) Detected floating point operation(s). Recommend moving them to RAM during run time or not using as these are processing/power intensive
"C:/ti/ccsv7/tools/compiler/ti-cgt-msp430_16.9.4.LTS/include/_defs.h", line 245 (col. 27): remark #1531-D: (ULP 5.2) Detected floating point operation(s). Recommend moving them to RAM during run time or not using as these are processing/power intensive
"C:/ti/ccsv7/tools/compiler/ti-cgt-msp430_16.9.4.LTS/include/_defs.h", line 246 (col. 10): remark #1531-D: (ULP 5.2) Detected floating point operation(s). Recommend moving them to RAM during run time or not using as these are processing/power intensive
"C:/ti/ccsv7/tools/compiler/ti-cgt-msp430_16.9.4.LTS/include/_defs.h", line 247 (col. 27): remark #1531-D: (ULP 5.2) Detected floating point operation(s). Recommend moving them to RAM during run time or not using as these are processing/power intensive
"C:/ti/ccsv7/tools/compiler/ti-cgt-msp430_16.9.4.LTS/include/_defs.h", line 248 (col. 10): remark #1531-D: (ULP 5.2) Detected floating point operation(s). Recommend moving them to RAM during run time or not using as these are processing/power intensive
"C:/ti/ccsv7/tools/compiler/ti-cgt-msp430_16.9.4.LTS/include/_defs.h", line 257 (col. 27): remark #1531-D: (ULP 5.2) Detected floating point operation(s). Recommend moving them to RAM during run time or not using as these are processing/power intensive
"C:/ti/ccsv7/tools/compiler/ti-cgt-msp430_16.9.4.LTS/include/_defs.h", line 259 (col. 9): remark #1531-D: (ULP 5.2) Detected floating point operation(s). Recommend moving them to RAM during run time or not using as these are processing/power intensive
"C:/ti/ccsv7/tools/compiler/ti-cgt-msp430_16.9.4.LTS/include/_defs.h", line 261 (col. 13): remark #1531-D: (ULP 5.2) Detected floating point operation(s). Recommend moving them to RAM during run time or not using as these are processing/power intensive
"C:/ti/ccsv7/tools/compiler/ti-cgt-msp430_16.9.4.LTS/include/_defs.h", line 265 (col. 9): remark #1531-D: (ULP 5.2) Detected floating point operation(s). Recommend moving them to RAM during run time or not using as these are processing/power intensive
"C:/ti/ccsv7/tools/compiler/ti-cgt-msp430_16.9.4.LTS/include/_defs.h", line 267 (col. 13): remark #1531-D: (ULP 5.2) Detected floating point operation(s). Recommend moving them to RAM during run time or not using as these are processing/power intensive
"C:/ti/ccsv7/tools/compiler/ti-cgt-msp430_16.9.4.LTS/include/_defs.h", line 274 (col. 27): remark #1531-D: (ULP 5.2) Detected floating point operation(s). Recommend moving them to RAM during run time or not using as these are processing/power intensive
"C:/ti/ccsv7/tools/compiler/ti-cgt-msp430_16.9.4.LTS/include/_defs.h", line 276 (col. 9): remark #1531-D: (ULP 5.2) Detected floating point operation(s). Recommend moving them to RAM during run time or not using as these are processing/power intensive
"C:/ti/ccsv7/tools/compiler/ti-cgt-msp430_16.9.4.LTS/include/_defs.h", line 278 (col. 13): remark #1531-D: (ULP 5.2) Detected floating point operation(s). Recommend moving them to RAM during run time or not using as these are processing/power intensive
"C:/ti/ccsv7/tools/compiler/ti-cgt-msp430_16.9.4.LTS/include/_defs.h", line 282 (col. 9): remark #1531-D: (ULP 5.2) Detected floating point operation(s). Recommend moving them to RAM during run time or not using as these are processing/power intensive
"C:/ti/ccsv7/tools/compiler/ti-cgt-msp430_16.9.4.LTS/include/_defs.h", line 284 (col. 13): remark #1531-D: (ULP 5.2) Detected floating point operation(s). Recommend moving them to RAM during run time or not using as these are processing/power intensive
"C:/ti/ccsv7/tools/compiler/ti-cgt-msp430_16.9.4.LTS/include/_defs.h", line 291 (col. 27): remark #1531-D: (ULP 5.2) Detected floating point operation(s). Recommend moving them to RAM during run time or not using as these are processing/power intensive
"C:/ti/ccsv7/tools/compiler/ti-cgt-msp430_16.9.4.LTS/include/_defs.h", line 293 (col. 9): remark #1531-D: (ULP 5.2) Detected floating point operation(s). Recommend moving them to RAM during run time or not using as these are processing/power intensive
"C:/ti/ccsv7/tools/compiler/ti-cgt-msp430_16.9.4.LTS/include/_defs.h", line 295 (col. 13): remark #1531-D: (ULP 5.2) Detected floating point operation(s). Recommend moving them to RAM during run time or not using as these are processing/power intensive
"C:/ti/ccsv7/tools/compiler/ti-cgt-msp430_16.9.4.LTS/include/_defs.h", line 299 (col. 9): remark #1531-D: (ULP 5.2) Detected floating point operation(s). Recommend moving them to RAM during run time or not using as these are processing/power intensive
"C:/ti/ccsv7/tools/compiler/ti-cgt-msp430_16.9.4.LTS/include/_defs.h", line 301 (col. 13): remark #1531-D: (ULP 5.2) Detected floating point operation(s). Recommend moving them to RAM during run time or not using as these are processing/power intensive
"../main.c", line 154 (col. 8): remark #1531-D: (ULP 5.2) Detected floating point operation(s). Recommend moving them to RAM during run time or not using as these are processing/power intensive
"../main.c", line 155 (col. 11): remark #1531-D: (ULP 5.2) Detected floating point operation(s). Recommend moving them to RAM during run time or not using as these are processing/power intensive
"../main.c", line 156 (col. 26): remark #1531-D: (ULP 5.2) Detected floating point operation(s). Recommend moving them to RAM during run time or not using as these are processing/power intensive
"../main.c", line 158 (col. 26): remark #1531-D: (ULP 5.2) Detected floating point operation(s). Recommend moving them to RAM during run time or not using as these are processing/power intensive
"../main.c", line 190 (col. 23): remark #1531-D: (ULP 5.2) Detected floating point operation(s). Recommend moving them to RAM during run time or not using as these are processing/power intensive
"../main.c", line 193 (col. 23): remark #1531-D: (ULP 5.2) Detected floating point operation(s). Recommend moving them to RAM during run time or not using as these are processing/power intensive
"../main.c", line 194 (col. 44): remark #1531-D: (ULP 5.2) Detected floating point operation(s). Recommend moving them to RAM during run time or not using as these are processing/power intensive
"../main.c", line 204 (col. 23): remark #1531-D: (ULP 5.2) Detected floating point operation(s). Recommend moving them to RAM during run time or not using as these are processing/power intensive
"../main.c", line 307 (col. 11): remark #1531-D: (ULP 5.2) Detected floating point operation(s). Recommend moving them to RAM during run time or not using as these are processing/power intensive
"../main.c", line 310 (col. 11): remark #1531-D: (ULP 5.2) Detected floating point operation(s). Recommend moving them to RAM during run time or not using as these are processing/power intensive
"../main.c", line 311 (col. 32): remark #1531-D: (ULP 5.2) Detected floating point operation(s). Recommend moving them to RAM during run time or not using as these are processing/power intensive
'Finished building: ../main.c'
' '
'Building target: Lab6OpenLoopFR6989.out'
'Invoking: MSP430 Linker'
"C:/ti/ccsv7/tools/compiler/ti-cgt-msp430_16.9.4.LTS/bin/cl430" -vmspx --data_model=restricted --use_hw_mpy=F5 --advice:power=all --advice:hw_config=all --define=__MSP430FR6989__ --define=_MPU_ENABLE -g --printf_support=minimal --diag_warning=225 --diag_wrap=off --display_error_number --silicon_errata=CPU21 --silicon_errata=CPU22 --silicon_errata=CPU40 -z -m"Lab6OpenLoopFR6989.map" --heap_size=160 --stack_size=160 --cinit_hold_wdt=on -i"C:/ti/ccsv7/ccs_base/msp430/include" -i"C:/ti/ccsv7/ccs_base/msp430/lib/5xx_6xx_FRxx" -i"C:/ti/ccsv7/ccs_base/msp430/lib/FR59xx" -i"C:/ti/ccsv7/tools/compiler/ti-cgt-msp430_16.9.4.LTS/lib" -i"C:/ti/ccsv7/tools/compiler/ti-cgt-msp430_16.9.4.LTS/include" --priority --reread_libs --define=_MPU_ENABLE --diag_wrap=off --display_error_number --warn_sections --xml_link_info="Lab6OpenLoopFR6989_linkInfo.xml" --use_hw_mpy=F5 --rom_model -o "Lab6OpenLoopFR6989.out" "./LCDDriver.obj" "./main.obj" "../lnk_msp430fr6989.cmd"  -llibmpu_init.a -llibmath.a -llibc.a 
<Linking>
remark #10372-D: (ULP 4.1) Detected uninitialized Port B in this project. Recommend initializing all unused ports to eliminate wasted current consumption on unused pins.
remark #10372-D: (ULP 4.1) Detected uninitialized Port C in this project. Recommend initializing all unused ports to eliminate wasted current consumption on unused pins.
remark #10372-D: (ULP 4.1) Detected uninitialized Port D in this project. Recommend initializing all unused ports to eliminate wasted current consumption on unused pins.
remark #10372-D: (ULP 4.1) Detected uninitialized Port E in this project. Recommend initializing all unused ports to eliminate wasted current consumption on unused pins.
'Finished building target: Lab6OpenLoopFR6989.out'
' '

**** Build Finished ****
